<?xml version="1.0" encoding="UTF-8"?>
<!-- Generated by org.testng.reporters.JUnitReportReporter -->
<testsuite skipped="0" hostname="Yemis-Air.broadband" name="Test03_PUT" tests="1" failures="0" timestamp="2021-08-12T19:27:12 BST" time="2.516" errors="0">
  <testcase name="test_01" time="2.516" classname="Test03_PUT"/>
  <system-out/>
</testsuite> <!-- Test03_PUT -->
