<?xml version="1.0" encoding="UTF-8"?>
<!-- Generated by org.testng.reporters.JUnitReportReporter -->
<testsuite skipped="0" hostname="Yemis-Air.broadband" name="Test02_POST" tests="1" failures="0" timestamp="2021-08-12T19:13:19 BST" time="2.831" errors="0">
  <testcase name="test_01" time="2.831" classname="Test02_POST"/>
  <system-out/>
</testsuite> <!-- Test02_POST -->
